<?xml version="1.0" encoding="UTF-8"?>
<!-- Generated by org.testng.reporters.JUnitReportReporter -->
<testsuite hostname="ANG-LT-2242" failures="0" tests="5" name="testAutomation.Assignment.AppTest" time="33.049" errors="0" timestamp="2024-08-24T17:22:37 IST" skipped="0">
  <testcase classname="testAutomation.Assignment.AppTest" name="validateInvalidUsername" time="5.229"/>
  <testcase classname="testAutomation.Assignment.AppTest" name="validateInvalidPassword" time="6.618"/>
  <testcase classname="testAutomation.Assignment.AppTest" name="validateSuccessfulLogin" time="7.196"/>
  <testcase classname="testAutomation.Assignment.AppTest" name="validateBlankInput" time="8.010"/>
  <testcase classname="testAutomation.Assignment.AppTest" name="validateInvalidCredentials" time="5.996"/>
</testsuite> <!-- testAutomation.Assignment.AppTest -->
